<?xml version="1.0" encoding="UTF-8"?>
<!-- Generated by org.testng.reporters.JUnitReportReporter -->
<testsuite hostname="REM-MC-220707A.local" failures="0" tests="1" name="com.example.mytest.CrudOperationsTest" time="2.969" errors="0" timestamp="2022-12-01T13:25:55 CST" skipped="0">
  <testcase classname="com.example.mytest.CrudOperationsTest" name="testGetSingleUseActivity" time="2.969"/>
  <system-out>
    <![CDATA[Success 200 status code ]]>
  </system-out>
</testsuite> <!-- com.example.mytest.CrudOperationsTest -->
