<?xml version="1.0" encoding="UTF-8"?>
<!-- Generated by org.testng.reporters.JUnitReportReporter -->
<testsuite hostname="REM-MC-220707A.local" failures="0" tests="1" name="com.example.MyTestClass" time="3.652" errors="0" timestamp="2022-11-28T01:18:06 CST" skipped="0">
  <testcase classname="com.example.MyTestClass" name="myFirstAssuredTest" time="3.652"/>
  <system-out/>
</testsuite> <!-- com.example.MyTestClass -->
