<?xml version="1.0" encoding="UTF-8"?>
<!-- Generated by org.testng.reporters.JUnitReportReporter -->
<testsuite hostname="REM-MC-220707A.local" failures="0" tests="1" name="com.example.mytest.Exercise1" time="1.789" errors="0" timestamp="2022-11-28T12:00:13 CST" skipped="0">
  <testcase classname="com.example.mytest.Exercise1" name="testSumCoursesMatchPurchaseAmount" time="1.789"/>
  <system-out/>
</testsuite> <!-- com.example.mytest.Exercise1 -->
