<?xml version="1.0" encoding="UTF-8"?>
<!-- Generated by org.testng.reporters.JUnitReportReporter -->
<testsuite hostname="REM-MC-220707A.local" failures="0" tests="3" name="com.example.mytest.DynamicJson" time="4.766" errors="0" timestamp="2022-11-28T16:50:15 CST" skipped="0">
  <testcase classname="com.example.mytest.DynamicJson" name="addBook" time="0.803"/>
  <system-out/>
  <testcase classname="com.example.mytest.DynamicJson" name="addBook" time="0.811"/>
  <system-out/>
  <testcase classname="com.example.mytest.DynamicJson" name="addBook" time="3.152"/>
  <system-out/>
</testsuite> <!-- com.example.mytest.DynamicJson -->
